<?xml version="1.0" encoding="UTF-8"?>
<!-- Generated by org.testng.reporters.JUnitXMLReporter -->
<testsuite hostname="DESKTOP-H0RQGLG" ignored="4" name="Test"
	tests="5" failures="0" timestamp="14 Nov 2019 23:13:59 GMT" time="17.545"
	errors="0">
	<testcase name="@AfterMethod GenerateReport" time="0.004"
		classname="org.homeproject.demo.BaseReportClass">
		<failure type="java.lang.NullPointerException">
      <![CDATA[java.lang.NullPointerException
at org.homeproject.demo.BaseReportClass.GenerateReport(BaseReportClass.java:35)
... Removed 28 stack frames]]>
		</failure>
	</testcase> <!-- @AfterMethod GenerateReport -->
	<testcase name="@AfterMethod GenerateReport" time="0.0"
		classname="org.homeproject.demo.BaseReportClass">
		<failure type="java.lang.NullPointerException">
      <![CDATA[java.lang.NullPointerException
at org.homeproject.demo.BaseReportClass.GenerateReport(BaseReportClass.java:35)
... Removed 28 stack frames]]>
		</failure>
	</testcase> <!-- @AfterMethod GenerateReport -->
	<testcase name="@BeforeMethod setUp" time="0.0"
		classname="org.homeproject.demo.loginTest">
		<skipped />
	</testcase> <!-- @BeforeMethod setUp -->
	<testcase name="@AfterMethod CleanUp" time="0.0"
		classname="org.homeproject.demo.loginTest">
		<skipped />
	</testcase> <!-- @AfterMethod CleanUp -->
	<testcase name="@AfterMethod GenerateReport" time="0.0"
		classname="org.homeproject.demo.BaseReportClass">
		<skipped />
	</testcase> <!-- @AfterMethod GenerateReport -->
	<testcase name="parameterTest1" time="0.005"
		classname="org.homeproject.demo.ParameterTest" />
	<testcase name="login1" time="0.001" classname="org.homeproject.demo.loginTest" />
	<testcase name="login2" time="0.0" classname="org.homeproject.demo.loginTest">
		<skipped />
	</testcase> <!-- login2 -->
	<testcase name="f" time="1.213" classname="org.homeproject.demo.GetAllLinks" />
	<testcase name="test2" time="0.689" classname="org.homeproject.demo.GetAllLinks" />
	<testcase name="@AfterSuite Clean" time="0.0"
		classname="org.homeproject.demo.BaseReportClass">
		<ignored />
	</testcase> <!-- @AfterSuite Clean -->
	<testcase name="@AfterSuite Clean" time="0.0"
		classname="org.homeproject.demo.BaseReportClass">
		<ignored />
	</testcase> <!-- @AfterSuite Clean -->
	<testcase name="@BeforeSuite Setup" time="0.0"
		classname="org.homeproject.demo.BaseReportClass">
		<ignored />
	</testcase> <!-- @BeforeSuite Setup -->
	<testcase name="@BeforeSuite Setup" time="0.0"
		classname="org.homeproject.demo.BaseReportClass">
		<ignored />
	</testcase> <!-- @BeforeSuite Setup -->
</testsuite> <!-- Test -->
