<?xml version="1.0" encoding="UTF-8"?>
<!-- Generated by org.testng.reporters.JUnitXMLReporter -->
<testsuite hostname="DESKTOP-H0RQGLG" ignored="4" name="Test" tests="2" failures="0" timestamp="14 Nov 2019 04:58:33 GMT" time="16.023" errors="0">
  <testcase name="f" time="0.721" classname="org.homeproject.demo.GetAllLinks"/>
  <testcase name="parameterTest1" time="0.001" classname="org.homeproject.demo.ParameterTest"/>
  <testcase name="@AfterSuite Clean" time="0.0" classname="org.homeproject.demo.BaseReportClass">
    <ignored/>
  </testcase> <!-- @AfterSuite Clean -->
  <testcase name="@AfterSuite Clean" time="0.0" classname="org.homeproject.demo.BaseReportClass">
    <ignored/>
  </testcase> <!-- @AfterSuite Clean -->
  <testcase name="@BeforeSuite Setup" time="0.0" classname="org.homeproject.demo.BaseReportClass">
    <ignored/>
  </testcase> <!-- @BeforeSuite Setup -->
  <testcase name="@BeforeSuite Setup" time="0.0" classname="org.homeproject.demo.BaseReportClass">
    <ignored/>
  </testcase> <!-- @BeforeSuite Setup -->
</testsuite> <!-- Test -->
