<?xml version="1.0" encoding="UTF-8"?>
<!-- Generated by org.testng.reporters.JUnitXMLReporter -->
<testsuite hostname="DESKTOP-H0RQGLG" ignored="6" name="Test" tests="5" failures="0" timestamp="14 Nov 2019 05:14:43 GMT" time="29.329" errors="0">
  <testcase name="login1" time="0.001" classname="org.homeproject.demo.loginTest"/>
  <testcase name="login2" time="0.691" classname="org.homeproject.demo.loginTest"/>
  <testcase name="f" time="0.549" classname="org.homeproject.demo.GetAllLinks"/>
  <testcase name="test2" time="0.649" classname="org.homeproject.demo.GetAllLinks"/>
  <testcase name="parameterTest1" time="0.0" classname="org.homeproject.demo.ParameterTest"/>
  <testcase name="@AfterSuite Clean" time="0.0" classname="org.homeproject.demo.BaseReportClass">
    <ignored/>
  </testcase> <!-- @AfterSuite Clean -->
  <testcase name="@AfterSuite Clean" time="0.0" classname="org.homeproject.demo.BaseReportClass">
    <ignored/>
  </testcase> <!-- @AfterSuite Clean -->
  <testcase name="@AfterSuite Clean" time="0.0" classname="org.homeproject.demo.BaseReportClass">
    <ignored/>
  </testcase> <!-- @AfterSuite Clean -->
  <testcase name="@BeforeSuite Setup" time="0.0" classname="org.homeproject.demo.BaseReportClass">
    <ignored/>
  </testcase> <!-- @BeforeSuite Setup -->
  <testcase name="@BeforeSuite Setup" time="0.0" classname="org.homeproject.demo.BaseReportClass">
    <ignored/>
  </testcase> <!-- @BeforeSuite Setup -->
  <testcase name="@BeforeSuite Setup" time="0.0" classname="org.homeproject.demo.BaseReportClass">
    <ignored/>
  </testcase> <!-- @BeforeSuite Setup -->
</testsuite> <!-- Test -->
