<?xml version="1.0" encoding="UTF-8"?>
<testng-results skipped="1" failed="0" ignored="4" total="9"
	passed="4">
	<reporter-output>
	</reporter-output>
	<suite name="Suite" duration-ms="17545" started-at="2019-11-14T23:13:42Z"
		finished-at="2019-11-14T23:13:59Z">
		<groups>
		</groups>
		<test name="Test" duration-ms="17545" started-at="2019-11-14T23:13:42Z"
			finished-at="2019-11-14T23:13:59Z">
			<class name="org.homeproject.demo.ParameterTest">
				<test-method status="PASS"
					signature="Setup()[pri:0, instance:org.homeproject.demo.ParameterTest@589838eb]"
					name="Setup" is-config="true" duration-ms="233" started-at="2019-11-14T23:13:42Z"
					finished-at="2019-11-14T23:13:42Z">
					<reporter-output>
					</reporter-output>
				</test-method> <!-- Setup -->
				<test-method status="PASS"
					signature="parameterTest1(java.lang.String)[pri:0, instance:org.homeproject.demo.ParameterTest@589838eb]"
					name="parameterTest1" duration-ms="5" started-at="2019-11-14T23:13:49Z"
					finished-at="2019-11-14T23:13:49Z">
					<params>
						<param index="0">
							<value>
                <![CDATA[manisha]]>
							</value>
						</param>
					</params>
					<reporter-output>
					</reporter-output>
				</test-method> <!-- parameterTest1 -->
				<test-method status="FAIL"
					signature="GenerateReport(org.testng.ITestResult)[pri:0, instance:org.homeproject.demo.ParameterTest@589838eb]"
					name="GenerateReport" is-config="true" duration-ms="4"
					started-at="2019-11-14T23:13:49Z" finished-at="2019-11-14T23:13:49Z">
					<params>
						<param index="0">
							<value>
                <![CDATA[[TestResult name=parameterTest1 status=SUCCESS method=ParameterTest.parameterTest1(java.lang.String)[pri:0, instance:org.homeproject.demo.ParameterTest@589838eb] output={null}]]]>
							</value>
						</param>
					</params>
					<exception class="java.lang.NullPointerException">
						<full-stacktrace>
              <![CDATA[java.lang.NullPointerException
at org.homeproject.demo.BaseReportClass.GenerateReport(BaseReportClass.java:35)
at sun.reflect.NativeMethodAccessorImpl.invoke0(Native Method)
at sun.reflect.NativeMethodAccessorImpl.invoke(NativeMethodAccessorImpl.java:62)
at sun.reflect.DelegatingMethodAccessorImpl.invoke(DelegatingMethodAccessorImpl.java:43)
at java.lang.reflect.Method.invoke(Method.java:498)
at org.testng.internal.MethodInvocationHelper.invokeMethod(MethodInvocationHelper.java:124)
at org.testng.internal.MethodInvocationHelper.invokeMethodConsideringTimeout(MethodInvocationHelper.java:59)
at org.testng.internal.Invoker.invokeConfigurationMethod(Invoker.java:458)
at org.testng.internal.Invoker.invokeConfigurations(Invoker.java:222)
at org.testng.internal.Invoker.invokeMethod(Invoker.java:646)
at org.testng.internal.Invoker.invokeTestMethod(Invoker.java:719)
at org.testng.internal.Invoker.invokeTestMethods(Invoker.java:989)
at org.testng.internal.TestMethodWorker.invokeTestMethods(TestMethodWorker.java:125)
at org.testng.internal.TestMethodWorker.run(TestMethodWorker.java:109)
at org.testng.TestRunner.privateRun(TestRunner.java:648)
at org.testng.TestRunner.run(TestRunner.java:505)
at org.testng.SuiteRunner.runTest(SuiteRunner.java:455)
at org.testng.SuiteRunner.runSequentially(SuiteRunner.java:450)
at org.testng.SuiteRunner.privateRun(SuiteRunner.java:415)
at org.testng.SuiteRunner.run(SuiteRunner.java:364)
at org.testng.SuiteRunnerWorker.runSuite(SuiteRunnerWorker.java:52)
at org.testng.SuiteRunnerWorker.run(SuiteRunnerWorker.java:84)
at org.testng.TestNG.runSuitesSequentially(TestNG.java:1208)
at org.testng.TestNG.runSuitesLocally(TestNG.java:1137)
at org.testng.TestNG.runSuites(TestNG.java:1049)
at org.testng.TestNG.run(TestNG.java:1017)
at org.testng.remote.AbstractRemoteTestNG.run(AbstractRemoteTestNG.java:114)
at org.testng.remote.RemoteTestNG.initAndRun(RemoteTestNG.java:251)
at org.testng.remote.RemoteTestNG.main(RemoteTestNG.java:77)
]]>
						</full-stacktrace>
					</exception> <!-- java.lang.NullPointerException -->
					<reporter-output>
					</reporter-output>
				</test-method> <!-- GenerateReport -->
				<test-method status="PASS"
					signature="Clean()[pri:0, instance:org.homeproject.demo.ParameterTest@589838eb]"
					name="Clean" is-config="true" duration-ms="331" started-at="2019-11-14T23:13:59Z"
					finished-at="2019-11-14T23:14:00Z">
					<reporter-output>
					</reporter-output>
				</test-method> <!-- Clean -->
			</class> <!-- org.homeproject.demo.ParameterTest -->
			<class name="org.homeproject.demo.loginTest">
				<test-method status="PASS"
					signature="setUp()[pri:0, instance:org.homeproject.demo.loginTest@6500df86]"
					name="setUp" is-config="true" duration-ms="7698" started-at="2019-11-14T23:13:49Z"
					finished-at="2019-11-14T23:13:57Z">
					<reporter-output>
					</reporter-output>
				</test-method> <!-- setUp -->
				<test-method status="PASS"
					signature="login1()[pri:0, instance:org.homeproject.demo.loginTest@6500df86]"
					name="login1" duration-ms="1" started-at="2019-11-14T23:13:57Z"
					finished-at="2019-11-14T23:13:57Z">
					<reporter-output>
					</reporter-output>
				</test-method> <!-- login1 -->
				<test-method status="PASS"
					signature="CleanUp()[pri:0, instance:org.homeproject.demo.loginTest@6500df86]"
					name="CleanUp" is-config="true" duration-ms="789" started-at="2019-11-14T23:13:57Z"
					finished-at="2019-11-14T23:13:57Z">
					<reporter-output>
					</reporter-output>
				</test-method> <!-- CleanUp -->
				<test-method status="FAIL"
					signature="GenerateReport(org.testng.ITestResult)[pri:0, instance:org.homeproject.demo.loginTest@6500df86]"
					name="GenerateReport" is-config="true" duration-ms="0"
					started-at="2019-11-14T23:13:57Z" finished-at="2019-11-14T23:13:57Z">
					<params>
						<param index="0">
							<value>
                <![CDATA[[TestResult name=login1 status=SUCCESS method=loginTest.login1()[pri:0, instance:org.homeproject.demo.loginTest@6500df86] output={null}]]]>
							</value>
						</param>
					</params>
					<exception class="java.lang.NullPointerException">
						<full-stacktrace>
              <![CDATA[java.lang.NullPointerException
at org.homeproject.demo.BaseReportClass.GenerateReport(BaseReportClass.java:35)
at sun.reflect.NativeMethodAccessorImpl.invoke0(Native Method)
at sun.reflect.NativeMethodAccessorImpl.invoke(NativeMethodAccessorImpl.java:62)
at sun.reflect.DelegatingMethodAccessorImpl.invoke(DelegatingMethodAccessorImpl.java:43)
at java.lang.reflect.Method.invoke(Method.java:498)
at org.testng.internal.MethodInvocationHelper.invokeMethod(MethodInvocationHelper.java:124)
at org.testng.internal.MethodInvocationHelper.invokeMethodConsideringTimeout(MethodInvocationHelper.java:59)
at org.testng.internal.Invoker.invokeConfigurationMethod(Invoker.java:458)
at org.testng.internal.Invoker.invokeConfigurations(Invoker.java:222)
at org.testng.internal.Invoker.invokeMethod(Invoker.java:646)
at org.testng.internal.Invoker.invokeTestMethod(Invoker.java:719)
at org.testng.internal.Invoker.invokeTestMethods(Invoker.java:989)
at org.testng.internal.TestMethodWorker.invokeTestMethods(TestMethodWorker.java:125)
at org.testng.internal.TestMethodWorker.run(TestMethodWorker.java:109)
at org.testng.TestRunner.privateRun(TestRunner.java:648)
at org.testng.TestRunner.run(TestRunner.java:505)
at org.testng.SuiteRunner.runTest(SuiteRunner.java:455)
at org.testng.SuiteRunner.runSequentially(SuiteRunner.java:450)
at org.testng.SuiteRunner.privateRun(SuiteRunner.java:415)
at org.testng.SuiteRunner.run(SuiteRunner.java:364)
at org.testng.SuiteRunnerWorker.runSuite(SuiteRunnerWorker.java:52)
at org.testng.SuiteRunnerWorker.run(SuiteRunnerWorker.java:84)
at org.testng.TestNG.runSuitesSequentially(TestNG.java:1208)
at org.testng.TestNG.runSuitesLocally(TestNG.java:1137)
at org.testng.TestNG.runSuites(TestNG.java:1049)
at org.testng.TestNG.run(TestNG.java:1017)
at org.testng.remote.AbstractRemoteTestNG.run(AbstractRemoteTestNG.java:114)
at org.testng.remote.RemoteTestNG.initAndRun(RemoteTestNG.java:251)
at org.testng.remote.RemoteTestNG.main(RemoteTestNG.java:77)
]]>
						</full-stacktrace>
					</exception> <!-- java.lang.NullPointerException -->
					<reporter-output>
					</reporter-output>
				</test-method> <!-- GenerateReport -->
				<test-method status="SKIP"
					signature="setUp()[pri:0, instance:org.homeproject.demo.loginTest@6500df86]"
					name="setUp" is-config="true" duration-ms="0" started-at="2019-11-14T23:13:57Z"
					finished-at="2019-11-14T23:13:57Z">
					<reporter-output>
					</reporter-output>
				</test-method> <!-- setUp -->
				<test-method status="SKIP"
					signature="login2()[pri:0, instance:org.homeproject.demo.loginTest@6500df86]"
					name="login2" duration-ms="0" started-at="2019-11-14T23:13:57Z"
					finished-at="2019-11-14T23:13:57Z">
					<exception class="java.lang.NullPointerException">
						<full-stacktrace>
              <![CDATA[java.lang.NullPointerException
at org.homeproject.demo.BaseReportClass.GenerateReport(BaseReportClass.java:35)
at sun.reflect.NativeMethodAccessorImpl.invoke0(Native Method)
at sun.reflect.NativeMethodAccessorImpl.invoke(NativeMethodAccessorImpl.java:62)
at sun.reflect.DelegatingMethodAccessorImpl.invoke(DelegatingMethodAccessorImpl.java:43)
at java.lang.reflect.Method.invoke(Method.java:498)
at org.testng.internal.MethodInvocationHelper.invokeMethod(MethodInvocationHelper.java:124)
at org.testng.internal.MethodInvocationHelper.invokeMethodConsideringTimeout(MethodInvocationHelper.java:59)
at org.testng.internal.Invoker.invokeConfigurationMethod(Invoker.java:458)
at org.testng.internal.Invoker.invokeConfigurations(Invoker.java:222)
at org.testng.internal.Invoker.invokeMethod(Invoker.java:646)
at org.testng.internal.Invoker.invokeTestMethod(Invoker.java:719)
at org.testng.internal.Invoker.invokeTestMethods(Invoker.java:989)
at org.testng.internal.TestMethodWorker.invokeTestMethods(TestMethodWorker.java:125)
at org.testng.internal.TestMethodWorker.run(TestMethodWorker.java:109)
at org.testng.TestRunner.privateRun(TestRunner.java:648)
at org.testng.TestRunner.run(TestRunner.java:505)
at org.testng.SuiteRunner.runTest(SuiteRunner.java:455)
at org.testng.SuiteRunner.runSequentially(SuiteRunner.java:450)
at org.testng.SuiteRunner.privateRun(SuiteRunner.java:415)
at org.testng.SuiteRunner.run(SuiteRunner.java:364)
at org.testng.SuiteRunnerWorker.runSuite(SuiteRunnerWorker.java:52)
at org.testng.SuiteRunnerWorker.run(SuiteRunnerWorker.java:84)
at org.testng.TestNG.runSuitesSequentially(TestNG.java:1208)
at org.testng.TestNG.runSuitesLocally(TestNG.java:1137)
at org.testng.TestNG.runSuites(TestNG.java:1049)
at org.testng.TestNG.run(TestNG.java:1017)
at org.testng.remote.AbstractRemoteTestNG.run(AbstractRemoteTestNG.java:114)
at org.testng.remote.RemoteTestNG.initAndRun(RemoteTestNG.java:251)
at org.testng.remote.RemoteTestNG.main(RemoteTestNG.java:77)
]]>
						</full-stacktrace>
					</exception> <!-- java.lang.NullPointerException -->
					<reporter-output>
					</reporter-output>
				</test-method> <!-- login2 -->
				<test-method status="SKIP"
					signature="CleanUp()[pri:0, instance:org.homeproject.demo.loginTest@6500df86]"
					name="CleanUp" is-config="true" duration-ms="0" started-at="2019-11-14T23:13:57Z"
					finished-at="2019-11-14T23:13:57Z">
					<reporter-output>
					</reporter-output>
				</test-method> <!-- CleanUp -->
				<test-method status="SKIP"
					signature="GenerateReport(org.testng.ITestResult)[pri:0, instance:org.homeproject.demo.loginTest@6500df86]"
					name="GenerateReport" is-config="true" duration-ms="0"
					started-at="2019-11-14T23:13:57Z" finished-at="2019-11-14T23:13:57Z">
					<reporter-output>
					</reporter-output>
				</test-method> <!-- GenerateReport -->
			</class> <!-- org.homeproject.demo.loginTest -->
			<class name="org.homeproject.demo.GetAllLinks">
				<test-method status="PASS"
					signature="beforeMethod()[pri:0, instance:org.homeproject.demo.GetAllLinks@42dafa95]"
					name="beforeMethod" is-config="true" duration-ms="7092"
					started-at="2019-11-14T23:13:42Z" finished-at="2019-11-14T23:13:49Z">
					<reporter-output>
					</reporter-output>
				</test-method> <!-- beforeMethod -->
				<test-method status="PASS"
					signature="f()[pri:0, instance:org.homeproject.demo.GetAllLinks@42dafa95]"
					name="f" duration-ms="1213" started-at="2019-11-14T23:13:57Z"
					finished-at="2019-11-14T23:13:59Z">
					<reporter-output>
					</reporter-output>
				</test-method> <!-- f -->
				<test-method status="PASS"
					signature="GenerateReport(org.testng.ITestResult)[pri:0, instance:org.homeproject.demo.GetAllLinks@42dafa95]"
					name="GenerateReport" is-config="true" duration-ms="8"
					started-at="2019-11-14T23:13:59Z" finished-at="2019-11-14T23:13:59Z">
					<params>
						<param index="0">
							<value>
                <![CDATA[[TestResult name=f status=SUCCESS method=GetAllLinks.f()[pri:0, instance:org.homeproject.demo.GetAllLinks@42dafa95] output={null}]]]>
							</value>
						</param>
					</params>
					<reporter-output>
					</reporter-output>
				</test-method> <!-- GenerateReport -->
				<test-method status="PASS"
					signature="test2()[pri:0, instance:org.homeproject.demo.GetAllLinks@42dafa95]"
					name="test2" duration-ms="689" started-at="2019-11-14T23:13:59Z"
					finished-at="2019-11-14T23:13:59Z">
					<reporter-output>
					</reporter-output>
				</test-method> <!-- test2 -->
				<test-method status="PASS"
					signature="GenerateReport(org.testng.ITestResult)[pri:0, instance:org.homeproject.demo.GetAllLinks@42dafa95]"
					name="GenerateReport" is-config="true" duration-ms="0"
					started-at="2019-11-14T23:13:59Z" finished-at="2019-11-14T23:13:59Z">
					<params>
						<param index="0">
							<value>
                <![CDATA[[TestResult name=test2 status=SUCCESS method=GetAllLinks.test2()[pri:0, instance:org.homeproject.demo.GetAllLinks@42dafa95] output={null}]]]>
							</value>
						</param>
					</params>
					<reporter-output>
					</reporter-output>
				</test-method> <!-- GenerateReport -->
				<test-method status="PASS"
					signature="afterMethod()[pri:0, instance:org.homeproject.demo.GetAllLinks@42dafa95]"
					name="afterMethod" is-config="true" duration-ms="1"
					started-at="2019-11-14T23:13:59Z" finished-at="2019-11-14T23:13:59Z">
					<reporter-output>
					</reporter-output>
				</test-method> <!-- afterMethod -->
			</class> <!-- org.homeproject.demo.GetAllLinks -->
		</test> <!-- Test -->
	</suite> <!-- Suite -->
</testng-results>
